{ [Error: ENOENT, no such file or directory '/data/workspace/wilddog-doc/content/overview/sort']
  errno: -2,
  code: 'ENOENT',
  path: '/data/workspace/wilddog-doc/content/overview/sort',
  syscall: 'open' }
[90mGET / [32m200 [90m61ms - 13.17kb[0m
[90mGET /bower_components/bootstrap/dist/css/bootstrap.css [32m200 [90m5ms - 118.38kb[0m
[90mGET /css/fonts.css [32m200 [90m6ms - 3.55kb[0m
[90mGET /css/index.css [32m200 [90m5ms - 20.6kb[0m
[90mGET /bower_components/highlightjs/styles/monokai_sublime.css [32m200 [90m6ms - 2.28kb[0m
[90mGET /css/z.css [32m200 [90m6ms - 9.98kb[0m
[90mGET /images/header-logo.png [32m200 [90m5ms - 37.57kb[0m
[90mGET /bower_components/jquery/dist/jquery.min.js [32m200 [90m4ms - 82.3kb[0m
[90mGET /bower_components/highlightjs/highlight.pack.js [32m200 [90m2ms - 180.52kb[0m
[90mGET /bower_components/masonry/dist/masonry.pkgd.min.js [32m200 [90m4ms - 24.66kb[0m
[90mGET /scripts/raneto.js [32m200 [90m3ms - 594b[0m
[90mGET /bower_components/fitvids/jquery.fitvids.js [32m200 [90m2ms - 2.63kb[0m
[90mGET /bower_components/bootstrap/dist/js/bootstrap.min.js [32m200 [90m3ms - 28.43kb[0m
[90mGET /fonts/wd-icon.woff [32m200 [90m1ms - 13.37kb[0m
[90mGET /images/wilddog.svg [32m200 [90m3ms - 930.79kb[0m
[90mGET /images/iot.svg [32m200 [90m4ms - 1.84kb[0m
[90mGET /images/users.svg [32m200 [90m3ms - 1.64kb[0m
[90mGET /images/support.svg [32m200 [90m4ms - 2.26kb[0m
[90mGET /images/ios.svg [32m200 [90m5ms - 1.21kb[0m
[90mGET /images/overview.svg [32m200 [90m1ms - 11.98kb[0m
[90mGET /images/talks.svg [32m200 [90m4ms - 1.98kb[0m
[90mGET /images/android.svg [32m200 [90m3ms - 2.92kb[0m
[90mGET /images/web.svg [32m200 [90m3ms - 1.71kb[0m
[90mGET /images/faq.svg [32m200 [90m3ms - 1.68kb[0m
[90mGET /images/rest.svg [32m200 [90m0ms - 2.06kb[0m
[90mGET /images/rules.svg [32m200 [90m2ms - 1.59kb[0m
[90mGET /images/5m.svg [32m200 [90m1ms - 1.2kb[0m
{ [Error: ENOENT, no such file or directory '/data/workspace/wilddog-doc/content/overview/sort']
  errno: -2,
  code: 'ENOENT',
  path: '/data/workspace/wilddog-doc/content/overview/sort',
  syscall: 'open' }
[90mGET /5m [32m200 [90m17ms - 10.21kb[0m
[90mGET /bower_components/bootstrap/dist/css/bootstrap.css [36m304 [90m1ms[0m
[90mGET /bower_components/highlightjs/styles/monokai_sublime.css [36m304 [90m2ms[0m
[90mGET /css/index.css [36m304 [90m2ms[0m
[90mGET /css/fonts.css [36m304 [90m2ms[0m
[90mGET /css/z.css [36m304 [90m2ms[0m
[90mGET /css/getting-started.css [32m200 [90m4ms - 26.47kb[0m
[90mGET /js/vendor/theme-eclipse.js [32m200 [90m4ms - 2.11kb[0m
[90mGET /js/vendor/jquery-1.11.2.min.js [32m200 [90m6ms - 93.69kb[0m
[90mGET /js/vendor/mode-html.js [32m200 [90m5ms - 93.35kb[0m
[90mGET /js/tutorial.js [32m200 [90m7ms - 15.97kb[0m
[90mGET /js/vendor/ace.js [32m200 [90m9ms - 332.55kb[0m
[90mGET /images/wilddog.svg [36m304 [90m1ms[0m
[90mGET /images/header-logo.png [36m304 [90m2ms[0m
[90mGET /images/314.jpg [32m200 [90m2ms - 1.98kb[0m
[90mGET /js/vendor/worker-html.js [32m200 [90m2ms - 330.67kb[0m
{ [Error: ENOENT, no such file or directory '/data/workspace/wilddog-doc/content/overview/sort']
  errno: -2,
  code: 'ENOENT',
  path: '/data/workspace/wilddog-doc/content/overview/sort',
  syscall: 'open' }
[90mGET /outmen [33m404 [90m13ms - 6.44kb[0m
[90mGET /bower_components/bootstrap/dist/css/bootstrap.css [36m304 [90m2ms[0m
[90mGET /bower_components/highlightjs/styles/monokai_sublime.css [36m304 [90m2ms[0m
[90mGET /css/fonts.css [36m304 [90m2ms[0m
[90mGET /css/index.css [36m304 [90m1ms[0m
[90mGET /css/z.css [36m304 [90m2ms[0m
[90mGET /images/header-logo.png [36m304 [90m2ms[0m
[90mGET /bower_components/jquery/dist/jquery.min.js [36m304 [90m2ms[0m
[90mGET /bower_components/bootstrap/dist/js/bootstrap.min.js [36m304 [90m2ms[0m
[90mGET /bower_components/highlightjs/highlight.pack.js [36m304 [90m2ms[0m
[90mGET /bower_components/fitvids/jquery.fitvids.js [36m304 [90m2ms[0m
[90mGET /bower_components/masonry/dist/masonry.pkgd.min.js [36m304 [90m1ms[0m
[90mGET /scripts/raneto.js [36m304 [90m2ms[0m
[90mGET /images/wilddog.svg [36m304 [90m0ms[0m
{ [Error: ENOENT, no such file or directory '/data/workspace/wilddog-doc/content/overview/sort']
  errno: -2,
  code: 'ENOENT',
  path: '/data/workspace/wilddog-doc/content/overview/sort',
  syscall: 'open' }
[90mGET /outmen [33m404 [90m8ms - 6.44kb[0m
[90mGET /bower_components/bootstrap/dist/css/bootstrap.css [36m304 [90m2ms[0m
[90mGET /bower_components/highlightjs/styles/monokai_sublime.css [36m304 [90m1ms[0m
[90mGET /css/fonts.css [36m304 [90m1ms[0m
[90mGET /css/index.css [36m304 [90m1ms[0m
[90mGET /css/z.css [36m304 [90m1ms[0m
[90mGET /images/header-logo.png [36m304 [90m0ms[0m
[90mGET /bower_components/jquery/dist/jquery.min.js [36m304 [90m1ms[0m
[90mGET /bower_components/bootstrap/dist/js/bootstrap.min.js [36m304 [90m2ms[0m
[90mGET /bower_components/highlightjs/highlight.pack.js [36m304 [90m2ms[0m
[90mGET /bower_components/fitvids/jquery.fitvids.js [36m304 [90m2ms[0m
[90mGET /bower_components/masonry/dist/masonry.pkgd.min.js [36m304 [90m1ms[0m
[90mGET /scripts/raneto.js [36m304 [90m1ms[0m
[90mGET /images/wilddog.svg [36m304 [90m1ms[0m
{ [Error: ENOENT, no such file or directory '/data/workspace/wilddog-doc/content/overview/sort']
  errno: -2,
  code: 'ENOENT',
  path: '/data/workspace/wilddog-doc/content/overview/sort',
  syscall: 'open' }
[90mGET /outmen [31m500 [90m42ms - 6.5kb[0m
[90mGET /bower_components/bootstrap/dist/css/bootstrap.css [36m304 [90m6ms[0m
[90mGET /bower_components/highlightjs/styles/monokai_sublime.css [36m304 [90m6ms[0m
[90mGET /css/fonts.css [36m304 [90m5ms[0m
[90mGET /css/index.css [36m304 [90m5ms[0m
[90mGET /css/z.css [36m304 [90m5ms[0m
[90mGET /images/header-logo.png [36m304 [90m5ms[0m
[90mGET /bower_components/bootstrap/dist/js/bootstrap.min.js [36m304 [90m1ms[0m
[90mGET /bower_components/jquery/dist/jquery.min.js [36m304 [90m2ms[0m
[90mGET /bower_components/highlightjs/highlight.pack.js [36m304 [90m2ms[0m
[90mGET /bower_components/fitvids/jquery.fitvids.js [36m304 [90m1ms[0m
[90mGET /bower_components/masonry/dist/masonry.pkgd.min.js [36m304 [90m1ms[0m
[90mGET /scripts/raneto.js [36m304 [90m1ms[0m
[90mGET /images/wilddog.svg [36m304 [90m1ms[0m
{ [Error: ENOENT, no such file or directory '/data/workspace/wilddog-doc/content/overview/sort']
  errno: -2,
  code: 'ENOENT',
  path: '/data/workspace/wilddog-doc/content/overview/sort',
  syscall: 'open' }
[90mGET /outmen [31m500 [90m10ms - 6.5kb[0m
[90mGET /bower_components/bootstrap/dist/css/bootstrap.css [36m304 [90m2ms[0m
[90mGET /bower_components/highlightjs/styles/monokai_sublime.css [36m304 [90m3ms[0m
[90mGET /css/fonts.css [36m304 [90m2ms[0m
[90mGET /css/index.css [36m304 [90m2ms[0m
[90mGET /css/z.css [36m304 [90m3ms[0m
[90mGET /images/header-logo.png [36m304 [90m2ms[0m
[90mGET /scripts/raneto.js [36m304 [90m1ms[0m
[90mGET /bower_components/jquery/dist/jquery.min.js [36m304 [90m1ms[0m
[90mGET /bower_components/bootstrap/dist/js/bootstrap.min.js [36m304 [90m1ms[0m
[90mGET /bower_components/highlightjs/highlight.pack.js [36m304 [90m2ms[0m
[90mGET /bower_components/fitvids/jquery.fitvids.js [36m304 [90m2ms[0m
[90mGET /bower_components/masonry/dist/masonry.pkgd.min.js [36m304 [90m1ms[0m
[90mGET /images/wilddog.svg [36m304 [90m0ms[0m
{ [Error: ENOENT, no such file or directory '/data/workspace/wilddog-doc/content/overview/sort']
  errno: -2,
  code: 'ENOENT',
  path: '/data/workspace/wilddog-doc/content/overview/sort',
  syscall: 'open' }
[90mGET /outmen [31m500 [90m7ms - 6.5kb[0m
[90mGET /bower_components/bootstrap/dist/css/bootstrap.css [36m304 [90m2ms[0m
[90mGET /bower_components/highlightjs/styles/monokai_sublime.css [36m304 [90m3ms[0m
[90mGET /css/fonts.css [36m304 [90m2ms[0m
[90mGET /css/index.css [36m304 [90m2ms[0m
[90mGET /css/z.css [36m304 [90m3ms[0m
[90mGET /images/header-logo.png [36m304 [90m3ms[0m
[90mGET /bower_components/jquery/dist/jquery.min.js [36m304 [90m2ms[0m
[90mGET /bower_components/bootstrap/dist/js/bootstrap.min.js [36m304 [90m1ms[0m
[90mGET /bower_components/highlightjs/highlight.pack.js [36m304 [90m2ms[0m
[90mGET /bower_components/fitvids/jquery.fitvids.js [36m304 [90m2ms[0m
[90mGET /bower_components/masonry/dist/masonry.pkgd.min.js [36m304 [90m3ms[0m
[90mGET /scripts/raneto.js [36m304 [90m3ms[0m
[90mGET /images/wilddog.svg [36m304 [90m1ms[0m
{ [Error: ENOENT, no such file or directory '/data/workspace/wilddog-doc/content/overview/sort']
  errno: -2,
  code: 'ENOENT',
  path: '/data/workspace/wilddog-doc/content/overview/sort',
  syscall: 'open' }
[90mGET /outmen [31m500 [90m7ms - 6.5kb[0m
[90mGET /bower_components/bootstrap/dist/css/bootstrap.css [36m304 [90m2ms[0m
[90mGET /bower_components/highlightjs/styles/monokai_sublime.css [36m304 [90m1ms[0m
[90mGET /css/fonts.css [36m304 [90m1ms[0m
[90mGET /css/index.css [36m304 [90m1ms[0m
[90mGET /css/z.css [36m304 [90m2ms[0m
[90mGET /images/header-logo.png [36m304 [90m2ms[0m
[90mGET /bower_components/jquery/dist/jquery.min.js [36m304 [90m0ms[0m
[90mGET /bower_components/bootstrap/dist/js/bootstrap.min.js [36m304 [90m2ms[0m
[90mGET /bower_components/highlightjs/highlight.pack.js [36m304 [90m2ms[0m
[90mGET /bower_components/fitvids/jquery.fitvids.js [36m304 [90m1ms[0m
[90mGET /bower_components/masonry/dist/masonry.pkgd.min.js [36m304 [90m4ms[0m
[90mGET /scripts/raneto.js [36m304 [90m1ms[0m
[90mGET /images/wilddog.svg [36m304 [90m2ms[0m
{ [Error: ENOENT, no such file or directory '/data/workspace/wilddog-doc/content/overview/sort']
  errno: -2,
  code: 'ENOENT',
  path: '/data/workspace/wilddog-doc/content/overview/sort',
  syscall: 'open' }
[90mGET /outmen [31m500 [90m5ms - 6.5kb[0m
[90mGET /bower_components/bootstrap/dist/css/bootstrap.css [36m304 [90m2ms[0m
[90mGET /bower_components/highlightjs/styles/monokai_sublime.css [36m304 [90m1ms[0m
[90mGET /css/fonts.css [36m304 [90m3ms[0m
[90mGET /css/index.css [36m304 [90m4ms[0m
[90mGET /css/z.css [36m304 [90m5ms[0m
[90mGET /images/header-logo.png [36m304 [90m4ms[0m
[90mGET /bower_components/bootstrap/dist/js/bootstrap.min.js [36m304 [90m1ms[0m
[90mGET /bower_components/highlightjs/highlight.pack.js [36m304 [90m2ms[0m
[90mGET /bower_components/jquery/dist/jquery.min.js [36m304 [90m3ms[0m
[90mGET /bower_components/fitvids/jquery.fitvids.js [36m304 [90m2ms[0m
[90mGET /bower_components/masonry/dist/masonry.pkgd.min.js [36m304 [90m2ms[0m
[90mGET /scripts/raneto.js [36m304 [90m0ms[0m
[90mGET /images/wilddog.svg [36m304 [90m0ms[0m
{ [Error: ENOENT, no such file or directory '/data/workspace/wilddog-doc/content/overview/sort']
  errno: -2,
  code: 'ENOENT',
  path: '/data/workspace/wilddog-doc/content/overview/sort',
  syscall: 'open' }
[90mGET /outmen [31m500 [90m5ms - 6.5kb[0m
[90mGET /bower_components/bootstrap/dist/css/bootstrap.css [36m304 [90m2ms[0m
[90mGET /bower_components/highlightjs/styles/monokai_sublime.css [36m304 [90m2ms[0m
[90mGET /css/fonts.css [36m304 [90m2ms[0m
[90mGET /css/index.css [36m304 [90m2ms[0m
[90mGET /css/z.css [36m304 [90m2ms[0m
[90mGET /images/header-logo.png [36m304 [90m2ms[0m
[90mGET /bower_components/jquery/dist/jquery.min.js [36m304 [90m1ms[0m
[90mGET /bower_components/bootstrap/dist/js/bootstrap.min.js [36m304 [90m1ms[0m
[90mGET /bower_components/highlightjs/highlight.pack.js [36m304 [90m2ms[0m
[90mGET /bower_components/fitvids/jquery.fitvids.js [36m304 [90m1ms[0m
[90mGET /bower_components/masonry/dist/masonry.pkgd.min.js [36m304 [90m1ms[0m
[90mGET /scripts/raneto.js [36m304 [90m1ms[0m
[90mGET /images/wilddog.svg [36m304 [90m0ms[0m
{ [Error: ENOENT, no such file or directory '/data/workspace/wilddog-doc/content/overview/sort']
  errno: -2,
  code: 'ENOENT',
  path: '/data/workspace/wilddog-doc/content/overview/sort',
  syscall: 'open' }
[90mGET /outmen [31m500 [90m5ms - 6.5kb[0m
[90mGET /bower_components/bootstrap/dist/css/bootstrap.css [36m304 [90m2ms[0m
[90mGET /bower_components/highlightjs/styles/monokai_sublime.css [36m304 [90m1ms[0m
[90mGET /css/fonts.css [36m304 [90m2ms[0m
[90mGET /css/index.css [36m304 [90m2ms[0m
[90mGET /css/z.css [36m304 [90m2ms[0m
[90mGET /images/header-logo.png [36m304 [90m2ms[0m
[90mGET /bower_components/jquery/dist/jquery.min.js [36m304 [90m2ms[0m
[90mGET /bower_components/bootstrap/dist/js/bootstrap.min.js [36m304 [90m2ms[0m
[90mGET /bower_components/highlightjs/highlight.pack.js [36m304 [90m2ms[0m
[90mGET /bower_components/fitvids/jquery.fitvids.js [36m304 [90m2ms[0m
[90mGET /bower_components/masonry/dist/masonry.pkgd.min.js [36m304 [90m2ms[0m
[90mGET /scripts/raneto.js [36m304 [90m1ms[0m
[90mGET /images/wilddog.svg [36m304 [90m1ms[0m
{ [Error: ENOENT, no such file or directory '/data/workspace/wilddog-doc/content/overview/sort']
  errno: -2,
  code: 'ENOENT',
  path: '/data/workspace/wilddog-doc/content/overview/sort',
  syscall: 'open' }
[90mGET /5m [36m304 [90m14ms[0m
[90mGET /bower_components/bootstrap/dist/css/bootstrap.css [36m304 [90m2ms[0m
[90mGET /bower_components/highlightjs/styles/monokai_sublime.css [36m304 [90m1ms[0m
[90mGET /css/fonts.css [36m304 [90m1ms[0m
[90mGET /css/index.css [36m304 [90m2ms[0m
[90mGET /css/getting-started.css [36m304 [90m0ms[0m
[90mGET /css/z.css [36m304 [90m0ms[0m
[90mGET /js/vendor/jquery-1.11.2.min.js [36m304 [90m0ms[0m
[90mGET /js/vendor/theme-eclipse.js [36m304 [90m1ms[0m
[90mGET /js/vendor/ace.js [36m304 [90m1ms[0m
[90mGET /js/vendor/mode-html.js [36m304 [90m1ms[0m
[90mGET /js/tutorial.js [36m304 [90m2ms[0m
[90mGET /images/wilddog.svg [36m304 [90m1ms[0m
[90mGET /images/314.jpg [36m304 [90m0ms[0m
[90mGET /images/header-logo.png [36m304 [90m0ms[0m
[90mGET /js/vendor/worker-html.js [36m304 [90m1ms[0m
{ [Error: ENOENT, no such file or directory '/data/workspace/wilddog-doc/content/overview/sort']
  errno: -2,
  code: 'ENOENT',
  path: '/data/workspace/wilddog-doc/content/overview/sort',
  syscall: 'open' }
[90mGET /outmen [31m500 [90m45ms - 6.5kb[0m
[90mGET /bower_components/bootstrap/dist/css/bootstrap.css [36m304 [90m5ms[0m
[90mGET /bower_components/highlightjs/styles/monokai_sublime.css [36m304 [90m5ms[0m
[90mGET /css/fonts.css [36m304 [90m4ms[0m
[90mGET /css/index.css [36m304 [90m5ms[0m
[90mGET /css/z.css [36m304 [90m4ms[0m
[90mGET /images/header-logo.png [36m304 [90m4ms[0m
[90mGET /bower_components/jquery/dist/jquery.min.js [36m304 [90m3ms[0m
[90mGET /bower_components/bootstrap/dist/js/bootstrap.min.js [36m304 [90m2ms[0m
[90mGET /bower_components/highlightjs/highlight.pack.js [36m304 [90m3ms[0m
[90mGET /bower_components/fitvids/jquery.fitvids.js [36m304 [90m3ms[0m
[90mGET /bower_components/masonry/dist/masonry.pkgd.min.js [36m304 [90m2ms[0m
[90mGET /scripts/raneto.js [36m304 [90m3ms[0m
[90mGET /images/wilddog.svg [36m304 [90m0ms[0m
{ [Error: ENOENT, no such file or directory '/data/workspace/wilddog-doc/content/overview/sort']
  errno: -2,
  code: 'ENOENT',
  path: '/data/workspace/wilddog-doc/content/overview/sort',
  syscall: 'open' }
[90mGET /outmen [32m200 [90m14ms - 8.22kb[0m
[90mGET /bower_components/bootstrap/dist/css/bootstrap.css [36m304 [90m1ms[0m
[90mGET /bower_components/highlightjs/styles/monokai_sublime.css [36m304 [90m6ms[0m
[90mGET /css/fonts.css [36m304 [90m6ms[0m
[90mGET /css/index.css [36m304 [90m5ms[0m
[90mGET /css/z.css [36m304 [90m4ms[0m
[90mGET /bower_components/jquery/dist/jquery.min.js [36m304 [90m3ms[0m
[90mGET /bower_components/bootstrap/dist/js/bootstrap.min.js [36m304 [90m2ms[0m
[90mGET /bower_components/highlightjs/highlight.pack.js [36m304 [90m0ms[0m
[90mGET /bower_components/fitvids/jquery.fitvids.js [36m304 [90m0ms[0m
[90mGET /scripts/raneto.js [36m304 [90m1ms[0m
[90mGET /bower_components/masonry/dist/masonry.pkgd.min.js [36m304 [90m1ms[0m
[90mGET /images/header-logo.png [36m304 [90m1ms[0m
[90mGET /images/wilddog.svg [36m304 [90m2ms[0m
[90mGET /images/outmen/IE8.jpg [32m200 [90m5ms - 4.75kb[0m
[90mGET /images/outmen/chrome.jpg [32m200 [90m6ms - 4.83kb[0m
[90mGET /images/outmen/firefox.jpg [32m200 [90m6ms - 4.17kb[0m
[90mGET /images/outmen/IE9.jpg [32m200 [90m5ms - 5.09kb[0m
{ [Error: ENOENT, no such file or directory '/data/workspace/wilddog-doc/content/overview/sort']
  errno: -2,
  code: 'ENOENT',
  path: '/data/workspace/wilddog-doc/content/overview/sort',
  syscall: 'open' }
[90mGET /outmen [36m304 [90m7ms[0m
[90mGET /bower_components/bootstrap/dist/css/bootstrap.css [36m304 [90m1ms[0m
[90mGET /bower_components/highlightjs/styles/monokai_sublime.css [36m304 [90m1ms[0m
[90mGET /css/fonts.css [36m304 [90m2ms[0m
[90mGET /css/index.css [36m304 [90m2ms[0m
[90mGET /css/z.css [36m304 [90m2ms[0m
[90mGET /images/header-logo.png [36m304 [90m1ms[0m
[90mGET /bower_components/jquery/dist/jquery.min.js [36m304 [90m2ms[0m
[90mGET /bower_components/bootstrap/dist/js/bootstrap.min.js [36m304 [90m1ms[0m
[90mGET /bower_components/highlightjs/highlight.pack.js [36m304 [90m1ms[0m
[90mGET /bower_components/fitvids/jquery.fitvids.js [36m304 [90m1ms[0m
[90mGET /bower_components/masonry/dist/masonry.pkgd.min.js [36m304 [90m1ms[0m
[90mGET /scripts/raneto.js [36m304 [90m0ms[0m
[90mGET /images/wilddog.svg [36m304 [90m0ms[0m
[90mGET /images/outmen/IE8.jpg [36m304 [90m0ms[0m
[90mGET /images/outmen/chrome.jpg [36m304 [90m1ms[0m
[90mGET /images/outmen/firefox.jpg [36m304 [90m1ms[0m
[90mGET /images/outmen/IE9.jpg [36m304 [90m2ms[0m
{ [Error: ENOENT, no such file or directory '/data/workspace/wilddog-doc/content/overview/sort']
  errno: -2,
  code: 'ENOENT',
  path: '/data/workspace/wilddog-doc/content/overview/sort',
  syscall: 'open' }
[90mGET /outmen [36m304 [90m9ms[0m
[90mGET /bower_components/bootstrap/dist/css/bootstrap.css [36m304 [90m2ms[0m
[90mGET /bower_components/highlightjs/styles/monokai_sublime.css [36m304 [90m3ms[0m
[90mGET /css/fonts.css [36m304 [90m2ms[0m
[90mGET /css/index.css [36m304 [90m2ms[0m
[90mGET /css/z.css [36m304 [90m3ms[0m
[90mGET /images/header-logo.png [36m304 [90m3ms[0m
[90mGET /bower_components/jquery/dist/jquery.min.js [36m304 [90m0ms[0m
[90mGET /bower_components/bootstrap/dist/js/bootstrap.min.js [36m304 [90m1ms[0m
[90mGET /bower_components/highlightjs/highlight.pack.js [36m304 [90m0ms[0m
[90mGET /bower_components/fitvids/jquery.fitvids.js [36m304 [90m2ms[0m
[90mGET /bower_components/masonry/dist/masonry.pkgd.min.js [36m304 [90m0ms[0m
[90mGET /scripts/raneto.js [36m304 [90m0ms[0m
[90mGET /images/wilddog.svg [36m304 [90m0ms[0m
[90mGET /images/outmen/IE8.jpg [36m304 [90m1ms[0m
[90mGET /images/outmen/chrome.jpg [36m304 [90m1ms[0m
[90mGET /images/outmen/firefox.jpg [36m304 [90m1ms[0m
[90mGET /images/outmen/IE9.jpg [36m304 [90m0ms[0m
{ [Error: ENOENT, no such file or directory '/data/workspace/wilddog-doc/content/overview/sort']
  errno: -2,
  code: 'ENOENT',
  path: '/data/workspace/wilddog-doc/content/overview/sort',
  syscall: 'open' }
[90mGET /outmen [36m304 [90m6ms[0m
[90mGET /bower_components/bootstrap/dist/css/bootstrap.css [36m304 [90m1ms[0m
[90mGET /css/fonts.css [36m304 [90m1ms[0m
[90mGET /css/index.css [36m304 [90m1ms[0m
[90mGET /bower_components/highlightjs/styles/monokai_sublime.css [36m304 [90m0ms[0m
[90mGET /css/z.css [36m304 [90m0ms[0m
[90mGET /images/header-logo.png [36m304 [90m0ms[0m
[90mGET /bower_components/jquery/dist/jquery.min.js [36m304 [90m0ms[0m
[90mGET /bower_components/bootstrap/dist/js/bootstrap.min.js [36m304 [90m1ms[0m
[90mGET /bower_components/highlightjs/highlight.pack.js [36m304 [90m1ms[0m
[90mGET /bower_components/fitvids/jquery.fitvids.js [36m304 [90m1ms[0m
[90mGET /bower_components/masonry/dist/masonry.pkgd.min.js [36m304 [90m1ms[0m
[90mGET /scripts/raneto.js [36m304 [90m1ms[0m
[90mGET /images/wilddog.svg [36m304 [90m1ms[0m
[90mGET /images/outmen/IE8.jpg [36m304 [90m1ms[0m
[90mGET /images/outmen/chrome.jpg [36m304 [90m1ms[0m
[90mGET /images/outmen/firefox.jpg [36m304 [90m1ms[0m
[90mGET /images/outmen/IE9.jpg [36m304 [90m0ms[0m
{ [Error: ENOENT, no such file or directory '/data/workspace/wilddog-doc/content/overview/sort']
  errno: -2,
  code: 'ENOENT',
  path: '/data/workspace/wilddog-doc/content/overview/sort',
  syscall: 'open' }
[90mGET /outmen [36m304 [90m5ms[0m
[90mGET /bower_components/bootstrap/dist/css/bootstrap.css [36m304 [90m2ms[0m
[90mGET /bower_components/highlightjs/styles/monokai_sublime.css [36m304 [90m1ms[0m
[90mGET /css/fonts.css [36m304 [90m2ms[0m
[90mGET /css/index.css [36m304 [90m2ms[0m
[90mGET /images/header-logo.png [36m304 [90m1ms[0m
[90mGET /css/z.css [36m304 [90m1ms[0m
[90mGET /bower_components/jquery/dist/jquery.min.js [36m304 [90m2ms[0m
[90mGET /bower_components/bootstrap/dist/js/bootstrap.min.js [36m304 [90m1ms[0m
[90mGET /bower_components/highlightjs/highlight.pack.js [36m304 [90m1ms[0m
[90mGET /bower_components/fitvids/jquery.fitvids.js [36m304 [90m2ms[0m
[90mGET /bower_components/masonry/dist/masonry.pkgd.min.js [36m304 [90m2ms[0m
[90mGET /scripts/raneto.js [36m304 [90m2ms[0m
[90mGET /images/wilddog.svg [36m304 [90m1ms[0m
[90mGET /images/outmen/IE8.jpg [36m304 [90m1ms[0m
[90mGET /images/outmen/chrome.jpg [36m304 [90m1ms[0m
[90mGET /images/outmen/firefox.jpg [36m304 [90m1ms[0m
[90mGET /images/outmen/IE9.jpg [36m304 [90m1ms[0m
{ [Error: ENOENT, no such file or directory '/data/workspace/wilddog-doc/content/overview/sort']
  errno: -2,
  code: 'ENOENT',
  path: '/data/workspace/wilddog-doc/content/overview/sort',
  syscall: 'open' }
[90mGET /outmen [36m304 [90m7ms[0m
[90mGET /bower_components/bootstrap/dist/css/bootstrap.css [36m304 [90m2ms[0m
[90mGET /bower_components/highlightjs/styles/monokai_sublime.css [36m304 [90m2ms[0m
[90mGET /css/fonts.css [36m304 [90m2ms[0m
[90mGET /css/index.css [36m304 [90m2ms[0m
[90mGET /css/z.css [36m304 [90m2ms[0m
[90mGET /images/header-logo.png [36m304 [90m2ms[0m
[90mGET /bower_components/jquery/dist/jquery.min.js [36m304 [90m0ms[0m
[90mGET /bower_components/bootstrap/dist/js/bootstrap.min.js [36m304 [90m0ms[0m
[90mGET /bower_components/highlightjs/highlight.pack.js [36m304 [90m2ms[0m
[90mGET /bower_components/fitvids/jquery.fitvids.js [36m304 [90m1ms[0m
[90mGET /bower_components/masonry/dist/masonry.pkgd.min.js [36m304 [90m1ms[0m
[90mGET /scripts/raneto.js [36m304 [90m1ms[0m
[90mGET /images/wilddog.svg [36m304 [90m2ms[0m
[90mGET /images/outmen/IE8.jpg [36m304 [90m2ms[0m
[90mGET /images/outmen/chrome.jpg [36m304 [90m2ms[0m
[90mGET /images/outmen/firefox.jpg [36m304 [90m1ms[0m
[90mGET /images/outmen/IE9.jpg [36m304 [90m1ms[0m
{ [Error: ENOENT, no such file or directory '/data/workspace/wilddog-doc/content/overview/sort']
  errno: -2,
  code: 'ENOENT',
  path: '/data/workspace/wilddog-doc/content/overview/sort',
  syscall: 'open' }
[90mGET /outmen [32m200 [90m47ms - 8.21kb[0m
[90mGET /bower_components/bootstrap/dist/css/bootstrap.css [36m304 [90m5ms[0m
[90mGET /bower_components/highlightjs/styles/monokai_sublime.css [36m304 [90m5ms[0m
[90mGET /css/fonts.css [36m304 [90m5ms[0m
[90mGET /css/index.css [36m304 [90m4ms[0m
[90mGET /css/z.css [36m304 [90m5ms[0m
[90mGET /images/header-logo.png [36m304 [90m5ms[0m
[90mGET /bower_components/jquery/dist/jquery.min.js [36m304 [90m1ms[0m
[90mGET /bower_components/bootstrap/dist/js/bootstrap.min.js [36m304 [90m1ms[0m
[90mGET /bower_components/highlightjs/highlight.pack.js [36m304 [90m1ms[0m
[90mGET /bower_components/fitvids/jquery.fitvids.js [36m304 [90m1ms[0m
[90mGET /bower_components/masonry/dist/masonry.pkgd.min.js [36m304 [90m2ms[0m
[90mGET /scripts/raneto.js [36m304 [90m1ms[0m
[90mGET /images/wilddog.svg [36m304 [90m2ms[0m
[90mGET /images/outmen/IE8.jpg [36m304 [90m2ms[0m
[90mGET /images/outmen/chrome.jpg [36m304 [90m3ms[0m
[90mGET /images/outmen/firefox.jpg [36m304 [90m3ms[0m
[90mGET /images/outmen/IE9.jpg [36m304 [90m3ms[0m
{ [Error: ENOENT, no such file or directory '/data/workspace/wilddog-doc/content/overview/sort']
  errno: -2,
  code: 'ENOENT',
  path: '/data/workspace/wilddog-doc/content/overview/sort',
  syscall: 'open' }
[90mGET /outmen [36m304 [90m10ms[0m
[90mGET /bower_components/bootstrap/dist/css/bootstrap.css [36m304 [90m1ms[0m
[90mGET /bower_components/highlightjs/styles/monokai_sublime.css [36m304 [90m2ms[0m
[90mGET /css/fonts.css [36m304 [90m3ms[0m
[90mGET /css/index.css [36m304 [90m2ms[0m
[90mGET /css/z.css [36m304 [90m1ms[0m
[90mGET /bower_components/bootstrap/dist/js/bootstrap.min.js [36m304 [90m0ms[0m
[90mGET /images/header-logo.png [36m304 [90m1ms[0m
[90mGET /bower_components/jquery/dist/jquery.min.js [36m304 [90m2ms[0m
[90mGET /bower_components/fitvids/jquery.fitvids.js [36m304 [90m1ms[0m
[90mGET /bower_components/masonry/dist/masonry.pkgd.min.js [36m304 [90m1ms[0m
[90mGET /scripts/raneto.js [36m304 [90m0ms[0m
[90mGET /images/wilddog.svg [36m304 [90m1ms[0m
[90mGET /bower_components/highlightjs/highlight.pack.js [36m304 [90m1ms[0m
[90mGET /images/outmen/IE8.jpg [36m304 [90m1ms[0m
[90mGET /images/outmen/chrome.jpg [36m304 [90m1ms[0m
[90mGET /images/outmen/firefox.jpg [36m304 [90m1ms[0m
[90mGET /images/outmen/IE9.jpg [36m304 [90m0ms[0m
{ [Error: ENOENT, no such file or directory '/data/workspace/wilddog-doc/content/overview/sort']
  errno: -2,
  code: 'ENOENT',
  path: '/data/workspace/wilddog-doc/content/overview/sort',
  syscall: 'open' }
[90mGET /outmen [36m304 [90m7ms[0m
[90mGET /bower_components/bootstrap/dist/css/bootstrap.css [36m304 [90m3ms[0m
[90mGET /bower_components/highlightjs/styles/monokai_sublime.css [36m304 [90m3ms[0m
[90mGET /css/fonts.css [36m304 [90m3ms[0m
[90mGET /css/index.css [36m304 [90m3ms[0m
[90mGET /css/z.css [36m304 [90m3ms[0m
[90mGET /images/header-logo.png [36m304 [90m3ms[0m
[90mGET /bower_components/bootstrap/dist/js/bootstrap.min.js [36m304 [90m1ms[0m
[90mGET /bower_components/jquery/dist/jquery.min.js [36m304 [90m1ms[0m
[90mGET /bower_components/highlightjs/highlight.pack.js [36m304 [90m0ms[0m
[90mGET /bower_components/fitvids/jquery.fitvids.js [36m304 [90m1ms[0m
[90mGET /bower_components/masonry/dist/masonry.pkgd.min.js [36m304 [90m0ms[0m
[90mGET /scripts/raneto.js [36m304 [90m0ms[0m
[90mGET /images/wilddog.svg [36m304 [90m3ms[0m
[90mGET /images/outmen/IE8.jpg [36m304 [90m2ms[0m
[90mGET /images/outmen/chrome.jpg [36m304 [90m2ms[0m
[90mGET /images/outmen/firefox.jpg [36m304 [90m3ms[0m
[90mGET /images/outmen/IE9.jpg [36m304 [90m2ms[0m
{ [Error: ENOENT, no such file or directory '/data/workspace/wilddog-doc/content/overview/sort']
  errno: -2,
  code: 'ENOENT',
  path: '/data/workspace/wilddog-doc/content/overview/sort',
  syscall: 'open' }
[90mGET /outmen [36m304 [90m7ms[0m
[90mGET /bower_components/bootstrap/dist/css/bootstrap.css [36m304 [90m2ms[0m
[90mGET /bower_components/highlightjs/styles/monokai_sublime.css [36m304 [90m2ms[0m
[90mGET /css/fonts.css [36m304 [90m2ms[0m
[90mGET /css/index.css [36m304 [90m2ms[0m
[90mGET /css/z.css [36m304 [90m2ms[0m
[90mGET /images/header-logo.png [36m304 [90m2ms[0m
[90mGET /bower_components/jquery/dist/jquery.min.js [36m304 [90m2ms[0m
[90mGET /bower_components/bootstrap/dist/js/bootstrap.min.js [36m304 [90m3ms[0m
[90mGET /bower_components/highlightjs/highlight.pack.js [36m304 [90m3ms[0m
[90mGET /bower_components/fitvids/jquery.fitvids.js [36m304 [90m2ms[0m
[90mGET /bower_components/masonry/dist/masonry.pkgd.min.js [36m304 [90m3ms[0m
[90mGET /scripts/raneto.js [36m304 [90m2ms[0m
[90mGET /images/wilddog.svg [36m304 [90m2ms[0m
[90mGET /images/outmen/IE8.jpg [36m304 [90m1ms[0m
[90mGET /images/outmen/chrome.jpg [36m304 [90m1ms[0m
[90mGET /images/outmen/firefox.jpg [36m304 [90m2ms[0m
[90mGET /images/outmen/IE9.jpg [36m304 [90m2ms[0m
{ [Error: ENOENT, no such file or directory '/data/workspace/wilddog-doc/content/overview/sort']
  errno: -2,
  code: 'ENOENT',
  path: '/data/workspace/wilddog-doc/content/overview/sort',
  syscall: 'open' }
[90mGET /outmen [36m304 [90m5ms[0m
[90mGET /bower_components/bootstrap/dist/css/bootstrap.css [36m304 [90m1ms[0m
[90mGET /bower_components/highlightjs/styles/monokai_sublime.css [36m304 [90m1ms[0m
[90mGET /css/fonts.css [36m304 [90m1ms[0m
[90mGET /css/index.css [36m304 [90m0ms[0m
[90mGET /css/z.css [36m304 [90m0ms[0m
[90mGET /images/header-logo.png [36m304 [90m0ms[0m
[90mGET /bower_components/jquery/dist/jquery.min.js [36m304 [90m0ms[0m
[90mGET /bower_components/bootstrap/dist/js/bootstrap.min.js [36m304 [90m0ms[0m
[90mGET /bower_components/highlightjs/highlight.pack.js [36m304 [90m1ms[0m
[90mGET /bower_components/fitvids/jquery.fitvids.js [36m304 [90m0ms[0m
[90mGET /bower_components/masonry/dist/masonry.pkgd.min.js [36m304 [90m0ms[0m
[90mGET /scripts/raneto.js [36m304 [90m0ms[0m
[90mGET /images/wilddog.svg [36m304 [90m2ms[0m
[90mGET /images/outmen/IE8.jpg [36m304 [90m1ms[0m
[90mGET /images/outmen/chrome.jpg [36m304 [90m2ms[0m
[90mGET /images/outmen/firefox.jpg [36m304 [90m2ms[0m
[90mGET /images/outmen/IE9.jpg [36m304 [90m1ms[0m
{ [Error: ENOENT, no such file or directory '/data/workspace/wilddog-doc/content/overview/sort']
  errno: -2,
  code: 'ENOENT',
  path: '/data/workspace/wilddog-doc/content/overview/sort',
  syscall: 'open' }
[90mGET /outmen [36m304 [90m5ms[0m
[90mGET /bower_components/bootstrap/dist/css/bootstrap.css [36m304 [90m1ms[0m
[90mGET /bower_components/highlightjs/styles/monokai_sublime.css [36m304 [90m0ms[0m
[90mGET /css/fonts.css [36m304 [90m1ms[0m
[90mGET /css/index.css [36m304 [90m0ms[0m
[90mGET /css/z.css [36m304 [90m1ms[0m
[90mGET /images/header-logo.png [36m304 [90m1ms[0m
[90mGET /bower_components/jquery/dist/jquery.min.js [36m304 [90m0ms[0m
[90mGET /bower_components/bootstrap/dist/js/bootstrap.min.js [36m304 [90m1ms[0m
[90mGET /bower_components/highlightjs/highlight.pack.js [36m304 [90m1ms[0m
[90mGET /bower_components/fitvids/jquery.fitvids.js [36m304 [90m0ms[0m
[90mGET /bower_components/masonry/dist/masonry.pkgd.min.js [36m304 [90m0ms[0m
[90mGET /scripts/raneto.js [36m304 [90m0ms[0m
[90mGET /images/wilddog.svg [36m304 [90m1ms[0m
[90mGET /images/outmen/IE8.jpg [36m304 [90m0ms[0m
[90mGET /images/outmen/chrome.jpg [36m304 [90m1ms[0m
[90mGET /images/outmen/firefox.jpg [36m304 [90m0ms[0m
[90mGET /images/outmen/IE9.jpg [36m304 [90m0ms[0m
{ [Error: ENOENT, no such file or directory '/data/workspace/wilddog-doc/content/overview/sort']
  errno: -2,
  code: 'ENOENT',
  path: '/data/workspace/wilddog-doc/content/overview/sort',
  syscall: 'open' }
[90mGET /outmen [32m200 [90m45ms - 8.18kb[0m
[90mGET /bower_components/bootstrap/dist/css/bootstrap.css [36m304 [90m5ms[0m
[90mGET /bower_components/highlightjs/styles/monokai_sublime.css [36m304 [90m4ms[0m
[90mGET /css/fonts.css [36m304 [90m5ms[0m
[90mGET /css/index.css [36m304 [90m5ms[0m
[90mGET /css/z.css [36m304 [90m4ms[0m
[90mGET /images/header-logo.png [36m304 [90m4ms[0m
[90mGET /bower_components/jquery/dist/jquery.min.js [36m304 [90m1ms[0m
[90mGET /bower_components/bootstrap/dist/js/bootstrap.min.js [36m304 [90m1ms[0m
[90mGET /bower_components/highlightjs/highlight.pack.js [36m304 [90m2ms[0m
[90mGET /bower_components/fitvids/jquery.fitvids.js [36m304 [90m1ms[0m
[90mGET /bower_components/masonry/dist/masonry.pkgd.min.js [36m304 [90m1ms[0m
[90mGET /scripts/raneto.js [36m304 [90m2ms[0m
[90mGET /images/wilddog.svg [36m304 [90m1ms[0m
[90mGET /images/outmen/IE8.jpg [36m304 [90m1ms[0m
[90mGET /images/outmen/chrome.jpg [36m304 [90m0ms[0m
[90mGET /images/outmen/firefox.jpg [36m304 [90m1ms[0m
[90mGET /images/outmen/IE9.jpg [36m304 [90m1ms[0m
{ [Error: ENOENT, no such file or directory '/data/workspace/wilddog-doc/content/overview/sort']
  errno: -2,
  code: 'ENOENT',
  path: '/data/workspace/wilddog-doc/content/overview/sort',
  syscall: 'open' }
[90mGET /outmen [36m304 [90m10ms[0m
[90mGET /bower_components/bootstrap/dist/css/bootstrap.css [36m304 [90m1ms[0m
[90mGET /bower_components/highlightjs/styles/monokai_sublime.css [36m304 [90m1ms[0m
[90mGET /css/fonts.css [36m304 [90m2ms[0m
[90mGET /css/index.css [36m304 [90m2ms[0m
[90mGET /css/z.css [36m304 [90m2ms[0m
[90mGET /bower_components/jquery/dist/jquery.min.js [36m304 [90m0ms[0m
[90mGET /bower_components/bootstrap/dist/js/bootstrap.min.js [36m304 [90m1ms[0m
[90mGET /bower_components/highlightjs/highlight.pack.js [36m304 [90m0ms[0m
[90mGET /bower_components/fitvids/jquery.fitvids.js [36m304 [90m0ms[0m
[90mGET /bower_components/masonry/dist/masonry.pkgd.min.js [36m304 [90m1ms[0m
[90mGET /scripts/raneto.js [36m304 [90m0ms[0m
[90mGET /images/header-logo.png [36m304 [90m0ms[0m
[90mGET /images/wilddog.svg [36m304 [90m1ms[0m
[90mGET /images/outmen/IE8.jpg [36m304 [90m1ms[0m
[90mGET /images/outmen/chrome.jpg [36m304 [90m1ms[0m
[90mGET /images/outmen/firefox.jpg [36m304 [90m2ms[0m
[90mGET /images/outmen/IE9.jpg [36m304 [90m1ms[0m
{ [Error: ENOENT, no such file or directory '/data/workspace/wilddog-doc/content/overview/sort']
  errno: -2,
  code: 'ENOENT',
  path: '/data/workspace/wilddog-doc/content/overview/sort',
  syscall: 'open' }
[90mGET /outmen [36m304 [90m7ms[0m
[90mGET /bower_components/bootstrap/dist/css/bootstrap.css [36m304 [90m3ms[0m
[90mGET /bower_components/highlightjs/styles/monokai_sublime.css [36m304 [90m3ms[0m
[90mGET /css/fonts.css [36m304 [90m4ms[0m
[90mGET /css/index.css [36m304 [90m3ms[0m
[90mGET /images/header-logo.png [36m304 [90m3ms[0m
[90mGET /css/z.css [36m304 [90m3ms[0m
[90mGET /bower_components/jquery/dist/jquery.min.js [36m304 [90m2ms[0m
[90mGET /bower_components/bootstrap/dist/js/bootstrap.min.js [36m304 [90m2ms[0m
[90mGET /bower_components/highlightjs/highlight.pack.js [36m304 [90m1ms[0m
[90mGET /bower_components/fitvids/jquery.fitvids.js [36m304 [90m2ms[0m
[90mGET /bower_components/masonry/dist/masonry.pkgd.min.js [36m304 [90m2ms[0m
[90mGET /scripts/raneto.js [36m304 [90m2ms[0m
[90mGET /images/wilddog.svg [36m304 [90m2ms[0m
[90mGET /images/outmen/IE8.jpg [36m304 [90m3ms[0m
[90mGET /images/outmen/firefox.jpg [36m304 [90m2ms[0m
[90mGET /images/outmen/IE9.jpg [36m304 [90m2ms[0m
[90mGET /images/outmen/chrome.jpg [36m304 [90m1ms[0m
{ [Error: ENOENT, no such file or directory '/data/workspace/wilddog-doc/content/overview/sort']
  errno: -2,
  code: 'ENOENT',
  path: '/data/workspace/wilddog-doc/content/overview/sort',
  syscall: 'open' }
[90mGET /outmen [32m200 [90m9ms - 8.18kb[0m
[90mGET /bower_components/highlightjs/styles/monokai_sublime.css [32m200 [90m8ms - 2.28kb[0m
[90mGET /css/fonts.css [32m200 [90m8ms - 3.55kb[0m
[90mGET /css/index.css [32m200 [90m9ms - 20.6kb[0m
[90mGET /css/z.css [32m200 [90m8ms - 9.98kb[0m
[90mGET /images/header-logo.png [32m200 [90m8ms - 37.57kb[0m
[90mGET /bower_components/bootstrap/dist/css/bootstrap.css [32m200 [90m10ms - 118.38kb[0m
[90mGET /bower_components/bootstrap/dist/js/bootstrap.min.js [32m200 [90m1ms - 28.43kb[0m
[90mGET /bower_components/jquery/dist/jquery.min.js [32m200 [90m1ms - 82.3kb[0m
[90mGET /bower_components/highlightjs/highlight.pack.js [32m200 [90m1ms - 180.52kb[0m
[90mGET /bower_components/fitvids/jquery.fitvids.js [32m200 [90m2ms - 2.63kb[0m
[90mGET /bower_components/masonry/dist/masonry.pkgd.min.js [32m200 [90m2ms - 24.66kb[0m
[90mGET /scripts/raneto.js [32m200 [90m2ms - 594b[0m
[90mGET /fonts/wd-icon.woff [32m200 [90m1ms - 13.37kb[0m
[90mGET /images/wilddog.svg [32m200 [90m4ms - 930.79kb[0m
[90mGET /images/outmen/IE8.jpg [32m200 [90m1ms - 4.75kb[0m
[90mGET /images/outmen/IE9.jpg [32m200 [90m2ms - 5.09kb[0m
[90mGET /images/outmen/firefox.jpg [32m200 [90m1ms - 4.17kb[0m
[90mGET /images/outmen/chrome.jpg [32m200 [90m1ms - 4.83kb[0m
{ [Error: ENOENT, no such file or directory '/data/workspace/wilddog-doc/content/overview/sort']
  errno: -2,
  code: 'ENOENT',
  path: '/data/workspace/wilddog-doc/content/overview/sort',
  syscall: 'open' }
[90mGET /outmen [32m200 [90m32ms - 1.87kb[0m
[90mGET /css/fonts.css [36m304 [90m6ms[0m
[90mGET /images/outmen/IE8.jpg [36m304 [90m5ms[0m
[90mGET /images/outmen/chrome.jpg [36m304 [90m1ms[0m
[90mGET /images/outmen/firefox.jpg [36m304 [90m1ms[0m
[90mGET /images/outmen/IE9.jpg [36m304 [90m1ms[0m
{ [Error: ENOENT, no such file or directory '/data/workspace/wilddog-doc/content/overview/sort']
  errno: -2,
  code: 'ENOENT',
  path: '/data/workspace/wilddog-doc/content/overview/sort',
  syscall: 'open' }
[90mGET /outmen [36m304 [90m11ms[0m
[90mGET /css/fonts.css [36m304 [90m0ms[0m
[90mGET /images/outmen/IE8.jpg [36m304 [90m1ms[0m
[90mGET /images/outmen/chrome.jpg [36m304 [90m1ms[0m
[90mGET /images/outmen/firefox.jpg [36m304 [90m1ms[0m
[90mGET /images/outmen/IE9.jpg [36m304 [90m1ms[0m
{ [Error: ENOENT, no such file or directory '/data/workspace/wilddog-doc/content/overview/sort']
  errno: -2,
  code: 'ENOENT',
  path: '/data/workspace/wilddog-doc/content/overview/sort',
  syscall: 'open' }
[90mGET /outmen [36m304 [90m7ms[0m
[90mGET /css/fonts.css [36m304 [90m0ms[0m
[90mGET /images/outmen/IE8.jpg [36m304 [90m1ms[0m
[90mGET /images/outmen/chrome.jpg [36m304 [90m2ms[0m
[90mGET /images/outmen/firefox.jpg [36m304 [90m2ms[0m
[90mGET /images/outmen/IE9.jpg [36m304 [90m1ms[0m
{ [Error: ENOENT, no such file or directory '/data/workspace/wilddog-doc/content/overview/sort']
  errno: -2,
  code: 'ENOENT',
  path: '/data/workspace/wilddog-doc/content/overview/sort',
  syscall: 'open' }
[90mGET /outmen [36m304 [90m8ms[0m
[90mGET /css/fonts.css [36m304 [90m1ms[0m
[90mGET /images/outmen/IE8.jpg [36m304 [90m1ms[0m
[90mGET /images/outmen/chrome.jpg [36m304 [90m1ms[0m
[90mGET /images/outmen/firefox.jpg [36m304 [90m2ms[0m
[90mGET /images/outmen/IE9.jpg [36m304 [90m1ms[0m
{ [Error: ENOENT, no such file or directory '/data/workspace/wilddog-doc/content/overview/sort']
  errno: -2,
  code: 'ENOENT',
  path: '/data/workspace/wilddog-doc/content/overview/sort',
  syscall: 'open' }
[90mGET /outmen [36m304 [90m6ms[0m
[90mGET /images/outmen/IE8.jpg [36m304 [90m1ms[0m
[90mGET /css/fonts.css [36m304 [90m1ms[0m
[90mGET /images/outmen/chrome.jpg [36m304 [90m1ms[0m
[90mGET /images/outmen/firefox.jpg [36m304 [90m1ms[0m
[90mGET /images/outmen/IE9.jpg [36m304 [90m1ms[0m
{ [Error: ENOENT, no such file or directory '/data/workspace/wilddog-doc/content/overview/sort']
  errno: -2,
  code: 'ENOENT',
  path: '/data/workspace/wilddog-doc/content/overview/sort',
  syscall: 'open' }
[90mGET /outmen [36m304 [90m6ms[0m
[90mGET /css/fonts.css [36m304 [90m4ms[0m
[90mGET /images/outmen/IE8.jpg [36m304 [90m3ms[0m
[90mGET /images/outmen/chrome.jpg [36m304 [90m1ms[0m
[90mGET /images/outmen/firefox.jpg [36m304 [90m1ms[0m
[90mGET /images/outmen/IE9.jpg [36m304 [90m1ms[0m
{ [Error: ENOENT, no such file or directory '/data/workspace/wilddog-doc/content/overview/sort']
  errno: -2,
  code: 'ENOENT',
  path: '/data/workspace/wilddog-doc/content/overview/sort',
  syscall: 'open' }
[90mGET /outmen [36m304 [90m6ms[0m
[90mGET /css/fonts.css [36m304 [90m2ms[0m
[90mGET /images/outmen/IE8.jpg [36m304 [90m1ms[0m
[90mGET /images/outmen/chrome.jpg [36m304 [90m2ms[0m
[90mGET /images/outmen/firefox.jpg [36m304 [90m1ms[0m
[90mGET /images/outmen/IE9.jpg [36m304 [90m1ms[0m
{ [Error: ENOENT, no such file or directory '/data/workspace/wilddog-doc/content/overview/sort']
  errno: -2,
  code: 'ENOENT',
  path: '/data/workspace/wilddog-doc/content/overview/sort',
  syscall: 'open' }
[90mGET /outmen [36m304 [90m5ms[0m
[90mGET /css/fonts.css [36m304 [90m1ms[0m
[90mGET /images/outmen/IE8.jpg [36m304 [90m1ms[0m
[90mGET /images/outmen/chrome.jpg [36m304 [90m1ms[0m
[90mGET /images/outmen/firefox.jpg [36m304 [90m1ms[0m
[90mGET /images/outmen/IE9.jpg [36m304 [90m1ms[0m
[90mGET /css/fonts.css [36m304 [90m1ms[0m
[90mGET /images/outmen/IE9.jpg [36m304 [90m0ms[0m
{ [Error: ENOENT, no such file or directory '/data/workspace/wilddog-doc/content/overview/sort']
  errno: -2,
  code: 'ENOENT',
  path: '/data/workspace/wilddog-doc/content/overview/sort',
  syscall: 'open' }
[90mGET /outmen [32m200 [90m7ms - 1.87kb[0m
[90mGET /css/fonts.css [32m200 [90m3ms - 3.55kb[0m
[90mGET /images/outmen/IE8.jpg [32m200 [90m5ms - 4.75kb[0m
[90mGET /images/outmen/chrome.jpg [32m200 [90m3ms - 4.83kb[0m
[90mGET /images/outmen/firefox.jpg [32m200 [90m3ms - 4.17kb[0m
[90mGET /images/outmen/IE9.jpg [32m200 [90m3ms - 5.09kb[0m
[90mGET /fonts/wd-icon.woff [32m200 [90m1ms - 13.37kb[0m
{ [Error: ENOENT, no such file or directory '/data/workspace/wilddog-doc/content/overview/sort']
  errno: -2,
  code: 'ENOENT',
  path: '/data/workspace/wilddog-doc/content/overview/sort',
  syscall: 'open' }
[90mGET /outmen [32m200 [90m6ms - 1.87kb[0m
[90mGET /css/fonts.css [32m200 [90m2ms - 3.85kb[0m
[90mGET /images/outmen/IE8.jpg [32m200 [90m2ms - 4.75kb[0m
[90mGET /images/outmen/chrome.jpg [32m200 [90m1ms - 4.83kb[0m
[90mGET /images/outmen/firefox.jpg [32m200 [90m2ms - 4.17kb[0m
[90mGET /images/outmen/IE9.jpg [32m200 [90m3ms - 5.09kb[0m
[90mGET /fonts/wd-icon.woff [32m200 [90m1ms - 13.6kb[0m
{ [Error: ENOENT, no such file or directory '/data/workspace/wilddog-doc/content/overview/sort']
  errno: -2,
  code: 'ENOENT',
  path: '/data/workspace/wilddog-doc/content/overview/sort',
  syscall: 'open' }
[90mGET /outmen [32m200 [90m5ms - 1.87kb[0m
[90mGET /css/fonts.css [32m200 [90m2ms - 3.85kb[0m
[90mGET /images/outmen/IE8.jpg [32m200 [90m1ms - 4.75kb[0m
[90mGET /images/outmen/chrome.jpg [32m200 [90m2ms - 4.83kb[0m
[90mGET /images/outmen/firefox.jpg [32m200 [90m2ms - 4.17kb[0m
[90mGET /images/outmen/IE9.jpg [32m200 [90m2ms - 5.09kb[0m
[90mGET /fonts/wd-icon.woff [32m200 [90m1ms - 13.6kb[0m
{ [Error: ENOENT, no such file or directory '/data/workspace/wilddog-doc/content/overview/sort']
  errno: -2,
  code: 'ENOENT',
  path: '/data/workspace/wilddog-doc/content/overview/sort',
  syscall: 'open' }
[90mGET /outmen [36m304 [90m7ms[0m
[90mGET /css/fonts.css [36m304 [90m1ms[0m
[90mGET /images/outmen/IE8.jpg [36m304 [90m0ms[0m
[90mGET /images/outmen/chrome.jpg [36m304 [90m1ms[0m
[90mGET /images/outmen/firefox.jpg [36m304 [90m1ms[0m
[90mGET /images/outmen/IE9.jpg [36m304 [90m1ms[0m
{ [Error: ENOENT, no such file or directory '/data/workspace/wilddog-doc/content/overview/sort']
  errno: -2,
  code: 'ENOENT',
  path: '/data/workspace/wilddog-doc/content/overview/sort',
  syscall: 'open' }
[90mGET /outmen [32m200 [90m5ms - 1.87kb[0m
[90mGET /css/fonts.css [32m200 [90m1ms - 3.85kb[0m
[90mGET /images/outmen/IE8.jpg [32m200 [90m1ms - 4.75kb[0m
[90mGET /images/outmen/chrome.jpg [32m200 [90m2ms - 4.83kb[0m
[90mGET /images/outmen/firefox.jpg [32m200 [90m2ms - 4.17kb[0m
[90mGET /images/outmen/IE9.jpg [32m200 [90m3ms - 5.09kb[0m
[90mGET /fonts/wd-icon.woff [32m200 [90m1ms - 13.6kb[0m
{ [Error: ENOENT, no such file or directory '/data/workspace/wilddog-doc/content/overview/sort']
  errno: -2,
  code: 'ENOENT',
  path: '/data/workspace/wilddog-doc/content/overview/sort',
  syscall: 'open' }
[90mGET /outmen [32m200 [90m6ms - 1.87kb[0m
[90mGET /css/fonts.css [32m200 [90m1ms - 3.85kb[0m
[90mGET /images/outmen/IE8.jpg [32m200 [90m1ms - 4.75kb[0m
[90mGET /images/outmen/chrome.jpg [32m200 [90m1ms - 4.83kb[0m
[90mGET /images/outmen/IE9.jpg [32m200 [90m2ms - 5.09kb[0m
[90mGET /images/outmen/firefox.jpg [32m200 [90m2ms - 4.17kb[0m
[90mGET /fonts/wd-icon.woff [32m200 [90m1ms - 13.6kb[0m
{ [Error: ENOENT, no such file or directory '/data/workspace/wilddog-doc/content/overview/sort']
  errno: -2,
  code: 'ENOENT',
  path: '/data/workspace/wilddog-doc/content/overview/sort',
  syscall: 'open' }
[90mGET /outmen [32m200 [90m6ms - 1.87kb[0m
[90mGET /css/fonts.css [32m200 [90m2ms - 3.85kb[0m
[90mGET /images/outmen/IE8.jpg [32m200 [90m1ms - 4.75kb[0m
[90mGET /images/outmen/chrome.jpg [32m200 [90m1ms - 4.83kb[0m
[90mGET /images/outmen/firefox.jpg [32m200 [90m3ms - 4.17kb[0m
[90mGET /images/outmen/IE9.jpg [32m200 [90m3ms - 5.09kb[0m
[90mGET /fonts/wd-icon.woff [32m200 [90m1ms - 13.6kb[0m
[90mGET /css/fonts.css [36m304 [90m1ms[0m
{ [Error: ENOENT, no such file or directory '/data/workspace/wilddog-doc/content/overview/sort']
  errno: -2,
  code: 'ENOENT',
  path: '/data/workspace/wilddog-doc/content/overview/sort',
  syscall: 'open' }
[90mGET /outmen [32m200 [90m5ms - 1.87kb[0m
[90mGET /css/fonts.css [32m200 [90m2ms - 3.85kb[0m
[90mGET /images/outmen/IE8.jpg [32m200 [90m2ms - 4.75kb[0m
[90mGET /images/outmen/chrome.jpg [32m200 [90m1ms - 4.83kb[0m
[90mGET /images/outmen/firefox.jpg [32m200 [90m1ms - 4.17kb[0m
[90mGET /images/outmen/IE9.jpg [32m200 [90m1ms - 5.09kb[0m
[90mGET /fonts/wd-icon.woff [32m200 [90m0ms - 13.6kb[0m
{ [Error: ENOENT, no such file or directory '/data/workspace/wilddog-doc/content/overview/sort']
  errno: -2,
  code: 'ENOENT',
  path: '/data/workspace/wilddog-doc/content/overview/sort',
  syscall: 'open' }
[90mGET /outmen [32m200 [90m7ms - 1.87kb[0m
[90mGET /css/fonts.css [32m200 [90m1ms - 3.85kb[0m
[90mGET /images/outmen/IE8.jpg [32m200 [90m0ms - 4.75kb[0m
[90mGET /images/outmen/chrome.jpg [32m200 [90m0ms - 4.83kb[0m
[90mGET /images/outmen/firefox.jpg [32m200 [90m1ms - 4.17kb[0m
[90mGET /images/outmen/IE9.jpg [32m200 [90m1ms - 5.09kb[0m
[90mGET /fonts/wd-icon.woff [32m200 [90m1ms - 13.6kb[0m
{ [Error: ENOENT, no such file or directory '/data/workspace/wilddog-doc/content/overview/sort']
  errno: -2,
  code: 'ENOENT',
  path: '/data/workspace/wilddog-doc/content/overview/sort',
  syscall: 'open' }
[90mGET /outmen [32m200 [90m6ms - 1.87kb[0m
[90mGET /css/fonts.css [32m200 [90m4ms - 3.85kb[0m
[90mGET /images/outmen/IE8.jpg [32m200 [90m4ms - 4.75kb[0m
[90mGET /images/outmen/chrome.jpg [32m200 [90m2ms - 4.83kb[0m
[90mGET /images/outmen/firefox.jpg [32m200 [90m2ms - 4.17kb[0m
[90mGET /images/outmen/IE9.jpg [32m200 [90m1ms - 5.09kb[0m
[90mGET /fonts/wd-icon.woff [32m200 [90m1ms - 13.6kb[0m
{ [Error: ENOENT, no such file or directory '/data/workspace/wilddog-doc/content/overview/sort']
  errno: -2,
  code: 'ENOENT',
  path: '/data/workspace/wilddog-doc/content/overview/sort',
  syscall: 'open' }
[90mGET /outmen [32m200 [90m5ms - 1.87kb[0m
[90mGET /css/fonts.css [32m200 [90m2ms - 3.85kb[0m
[90mGET /images/outmen/IE8.jpg [32m200 [90m1ms - 4.75kb[0m
[90mGET /images/outmen/chrome.jpg [32m200 [90m2ms - 4.83kb[0m
[90mGET /images/outmen/firefox.jpg [32m200 [90m2ms - 4.17kb[0m
[90mGET /images/outmen/IE9.jpg [32m200 [90m1ms - 5.09kb[0m
[90mGET /fonts/wd-icon.woff [32m200 [90m1ms - 13.6kb[0m
{ [Error: ENOENT, no such file or directory '/data/workspace/wilddog-doc/content/overview/sort']
  errno: -2,
  code: 'ENOENT',
  path: '/data/workspace/wilddog-doc/content/overview/sort',
  syscall: 'open' }
[90mGET /outmen [32m200 [90m6ms - 1.87kb[0m
[90mGET /css/fonts.css [32m200 [90m1ms - 3.85kb[0m
[90mGET /images/outmen/IE8.jpg [32m200 [90m1ms - 4.75kb[0m
[90mGET /images/outmen/chrome.jpg [32m200 [90m5ms - 4.83kb[0m
[90mGET /images/outmen/firefox.jpg [32m200 [90m6ms - 4.17kb[0m
[90mGET /images/outmen/IE9.jpg [32m200 [90m2ms - 5.09kb[0m
[90mGET /fonts/wd-icon.woff [32m200 [90m2ms - 13.6kb[0m
{ [Error: ENOENT, no such file or directory '/data/workspace/wilddog-doc/content/overview/sort']
  errno: -2,
  code: 'ENOENT',
  path: '/data/workspace/wilddog-doc/content/overview/sort',
  syscall: 'open' }
[90mGET /5m [32m200 [90m18ms - 10.21kb[0m
[90mGET /bower_components/highlightjs/styles/monokai_sublime.css [32m200 [90m3ms - 2.28kb[0m
[90mGET /bower_components/bootstrap/dist/css/bootstrap.css [32m200 [90m3ms - 118.38kb[0m
[90mGET /css/fonts.css [32m200 [90m3ms - 3.85kb[0m
[90mGET /css/index.css [32m200 [90m3ms - 20.6kb[0m
[90mGET /css/getting-started.css [32m200 [90m2ms - 26.47kb[0m
[90mGET /css/z.css [32m200 [90m2ms - 9.98kb[0m
[90mGET /js/vendor/jquery-1.11.2.min.js [32m200 [90m1ms - 93.69kb[0m
[90mGET /js/vendor/ace.js [32m200 [90m1ms - 332.55kb[0m
[90mGET /js/vendor/theme-eclipse.js [32m200 [90m1ms - 2.11kb[0m
[90mGET /js/vendor/mode-html.js [32m200 [90m2ms - 93.35kb[0m
[90mGET /js/tutorial.js [32m200 [90m1ms - 15.97kb[0m
[90mGET /images/header-logo.png [32m200 [90m0ms - 37.57kb[0m
[90mGET /images/wilddog.svg [32m200 [90m2ms - 930.79kb[0m
[90mGET /fonts/wd-icon.woff [32m200 [90m0ms - 13.6kb[0m
[90mGET /bower_components/bootstrap/dist/css/bootstrap.css.map [32m200 [90m2ms - 240.2kb[0m
[90mGET /images/314.jpg [32m200 [90m1ms - 1.98kb[0m
[90mGET /images/wilddog.svg [36m304 [90m0ms[0m
[90mGET /js/vendor/worker-html.js [32m200 [90m2ms - 330.67kb[0m
{ [Error: ENOENT, no such file or directory '/data/workspace/wilddog-doc/content/overview/sort']
  errno: -2,
  code: 'ENOENT',
  path: '/data/workspace/wilddog-doc/content/overview/sort',
  syscall: 'open' }
[90mGET / [32m200 [90m15ms - 13.29kb[0m
[90mGET /bower_components/highlightjs/styles/monokai_sublime.css [32m200 [90m1ms - 2.28kb[0m
[90mGET /bower_components/bootstrap/dist/css/bootstrap.css [32m200 [90m1ms - 118.38kb[0m
[90mGET /css/fonts.css [32m200 [90m2ms - 3.85kb[0m
[90mGET /css/index.css [32m200 [90m2ms - 20.6kb[0m
[90mGET /css/z.css [32m200 [90m2ms - 9.98kb[0m
[90mGET /images/header-logo.png [32m200 [90m2ms - 37.57kb[0m
[90mGET /bower_components/jquery/dist/jquery.min.js [32m200 [90m1ms - 82.3kb[0m
[90mGET /bower_components/bootstrap/dist/js/bootstrap.min.js [32m200 [90m1ms - 28.43kb[0m
[90mGET /bower_components/highlightjs/highlight.pack.js [32m200 [90m2ms - 180.52kb[0m
[90mGET /bower_components/fitvids/jquery.fitvids.js [32m200 [90m2ms - 2.63kb[0m
[90mGET /bower_components/masonry/dist/masonry.pkgd.min.js [32m200 [90m1ms - 24.66kb[0m
[90mGET /scripts/raneto.js [32m200 [90m1ms - 594b[0m
[90mGET /bower_components/bootstrap/dist/css/bootstrap.css.map [36m304 [90m1ms[0m
[90mGET /fonts/wd-icon.woff [32m200 [90m1ms - 13.6kb[0m
[90mGET /images/rules.svg [32m200 [90m2ms - 1.59kb[0m
[90mGET /images/5m.svg [32m200 [90m1ms - 1.2kb[0m
[90mGET /images/support.svg [32m200 [90m2ms - 2.26kb[0m
[90mGET /images/ios.svg [32m200 [90m2ms - 1.21kb[0m
[90mGET /images/wilddog.svg [32m200 [90m7ms - 930.79kb[0m
[90mGET /images/iot.svg [32m200 [90m1ms - 1.84kb[0m
[90mGET /images/web.svg [32m200 [90m1ms - 1.71kb[0m
[90mGET /images/faq.svg [32m200 [90m1ms - 1.68kb[0m
[90mGET /images/android.svg [32m200 [90m1ms - 2.92kb[0m
[90mGET /images/users.svg [32m200 [90m1ms - 1.64kb[0m
[90mGET /images/talks.svg [32m200 [90m1ms - 1.98kb[0m
[90mGET /images/rest.svg [32m200 [90m1ms - 2.06kb[0m
[90mGET /images/overview.svg [32m200 [90m1ms - 11.98kb[0m
[90mGET /bower_components/jquery/dist/jquery.min.map [32m200 [90m1ms - 124.34kb[0m
{ [Error: ENOENT, no such file or directory '/data/workspace/wilddog-doc/content/overview/sort']
  errno: -2,
  code: 'ENOENT',
  path: '/data/workspace/wilddog-doc/content/overview/sort',
  syscall: 'open' }
[90mGET / [32m200 [90m6ms - 13.29kb[0m
[90mGET /css/fonts.css [32m200 [90m2ms - 3.85kb[0m
[90mGET /bower_components/highlightjs/styles/monokai_sublime.css [32m200 [90m3ms - 2.28kb[0m
[90mGET /bower_components/bootstrap/dist/css/bootstrap.css [32m200 [90m4ms - 118.38kb[0m
[90mGET /css/index.css [32m200 [90m2ms - 20.6kb[0m
[90mGET /css/z.css [32m200 [90m2ms - 9.98kb[0m
[90mGET /images/header-logo.png [32m200 [90m2ms - 37.57kb[0m
[90mGET /bower_components/bootstrap/dist/js/bootstrap.min.js [32m200 [90m3ms - 28.43kb[0m
[90mGET /bower_components/fitvids/jquery.fitvids.js [32m200 [90m2ms - 2.63kb[0m
[90mGET /bower_components/masonry/dist/masonry.pkgd.min.js [32m200 [90m2ms - 24.66kb[0m
[90mGET /bower_components/jquery/dist/jquery.min.js [32m200 [90m4ms - 82.3kb[0m
[90mGET /bower_components/highlightjs/highlight.pack.js [32m200 [90m4ms - 180.52kb[0m
[90mGET /scripts/raneto.js [32m200 [90m0ms - 594b[0m
[90mGET /fonts/wd-icon.woff [32m200 [90m1ms - 13.6kb[0m
[90mGET /images/web.svg [32m200 [90m2ms - 1.71kb[0m
[90mGET /images/android.svg [32m200 [90m2ms - 2.92kb[0m
[90mGET /images/ios.svg [32m200 [90m2ms - 1.21kb[0m
[90mGET /images/users.svg [32m200 [90m1ms - 1.64kb[0m
[90mGET /images/wilddog.svg [32m200 [90m6ms - 930.79kb[0m
[90mGET /images/faq.svg [32m200 [90m1ms - 1.68kb[0m
[90mGET /images/overview.svg [32m200 [90m1ms - 11.98kb[0m
[90mGET /images/5m.svg [32m200 [90m1ms - 1.2kb[0m
[90mGET /images/rest.svg [32m200 [90m2ms - 2.06kb[0m
[90mGET /images/support.svg [32m200 [90m2ms - 2.26kb[0m
[90mGET /images/talks.svg [32m200 [90m1ms - 1.98kb[0m
[90mGET /images/iot.svg [32m200 [90m1ms - 1.84kb[0m
[90mGET /images/rules.svg [32m200 [90m1ms - 1.59kb[0m
